\BOOKMARK [0][-]{chapter.1}{\332vod}{}% 1
\BOOKMARK [1][-]{section.1.1}{C\355le pr\341ce}{chapter.1}% 2
\BOOKMARK [0][-]{chapter.2}{Teorie a technologie}{}% 3
\BOOKMARK [1][-]{section.2.1}{REST}{chapter.2}% 4
\BOOKMARK [1][-]{section.2.2}{LaTeX}{chapter.2}% 5
\BOOKMARK [1][-]{section.2.3}{Java EE}{chapter.2}% 6
\BOOKMARK [1][-]{section.2.4}{PDF}{chapter.2}% 7
\BOOKMARK [1][-]{section.2.5}{FURPS+}{chapter.2}% 8
\BOOKMARK [0][-]{chapter.3}{Anal\375za}{}% 9
\BOOKMARK [1][-]{section.3.1}{Po\236adavky}{chapter.3}% 10
\BOOKMARK [2][-]{subsection.3.1.1}{Funkcn\355 po\236adavky}{section.3.1}% 11
\BOOKMARK [2][-]{subsection.3.1.2}{Nefunkcn\355 po\236adavky}{section.3.1}% 12
\BOOKMARK [1][-]{section.3.2}{Existuj\355c\355 re\235en\355}{chapter.3}% 13
\BOOKMARK [2][-]{subsection.3.2.1}{OverLeaf}{section.3.2}% 14
\BOOKMARK [2][-]{subsection.3.2.2}{BlueLaTeX}{section.3.2}% 15
\BOOKMARK [2][-]{subsection.3.2.3}{ScienceSoft}{section.3.2}% 16
\BOOKMARK [2][-]{subsection.3.2.4}{CoCalc}{section.3.2}% 17
\BOOKMARK [0][-]{chapter.4}{N\341vrh}{}% 18
\BOOKMARK [0][-]{chapter.5}{Implementace}{}% 19
\BOOKMARK [0][-]{chapter.6}{Z\341ver}{}% 20
\BOOKMARK [0][-]{chapter*.5}{Literatura}{}% 21
\BOOKMARK [0][-]{appendix.A}{Seznam zdroju}{}% 22
\BOOKMARK [0][-]{appendix.B}{Seznam zkratek}{}% 23
\BOOKMARK [0][-]{appendix.C}{Testov\341n\355}{}% 24
